<?xml version="1.0" encoding="UTF-8"?>
<!-- Generated by org.testng.reporters.JUnitReportReporter -->
<testsuite skipped="0" hostname="DESKTOP-JINVOCL" name="testCases.LoginPageTest" tests="1" failures="0" timestamp="23 Jun 2021 21:26:38 GMT" time="10.656" errors="0">
  <testcase name="loginTest" time="10.656" classname="testCases.LoginPageTest"/>
</testsuite> <!-- testCases.LoginPageTest -->
